<?xml version="1.0" encoding="UTF-8"?>
<!-- Generated by org.testng.reporters.JUnitReportReporter -->
<testsuite hostname="CP1233" name="test.FirefoxTest" tests="1" failures="0" timestamp="13 Apr 2016 10:56:42 GMT" time="27.686" errors="0">
  <testcase name="Firefox" time="27.686" classname="test.FirefoxTest"/>
</testsuite> <!-- test.FirefoxTest -->
