<?xml version="1.0" encoding="UTF-8"?>
<!-- Generated by org.testng.reporters.JUnitReportReporter -->
<testsuite hostname="CP1233" name="test.FirefoxTest" tests="1" failures="0" timestamp="11 Apr 2016 11:51:27 GMT" time="18.939" errors="0">
  <testcase name="Firefox" time="18.939" classname="test.FirefoxTest"/>
</testsuite> <!-- test.FirefoxTest -->
